Spondon/covid19/build/app/outputs/mapping/release/mapping.txt
# compiler: R8
# compiler_version: 1.5.64
# min_api: 16
# pg_map_id: 80579ba
com.example.covid19.MainActivity -> com.example.covid19.MainActivity:
    void configureFlutterEngine(io.flutter.embedding.engine.FlutterEngine) -> a
...
com.google.android.gms.internal.maps.zzf -> b.a.a.a.d.d.e:
    com.google.android.gms.internal.maps.zze zzb(android.os.IBinder) -> a
com.google.android.gms.internal.maps.zzg -> b.a.a.a.d.d.f:
    com.google.android.gms.dynamic.IObjectWrapper zza(java.lang.String) -> a
    com.google.android.gms.dynamic.IObjectWrapper zza(float) -> d
    com.google.android.gms.dynamic.IObjectWrapper zzi() -> q
com.google.android.gms.internal.maps.zzt -> b.a.a.a.d.d.g:
    void setAnchor(float,float) -> a
    void setPosition(com.google.android.gms.maps.model.LatLng) -> a
    void setRotation(float) -> a
    void setVisible(boolean) -> a
    void setInfoWindowAnchor(float,float) -> b
    void setTitle(java.lang.String) -> b
    void setZIndex(float) -> b
    void setAlpha(float) -> c
    void setDraggable(boolean) -> c
    void setSnippet(java.lang.String) -> c
    void zzg(com.google.android.gms.dynamic.IObjectWrapper) -> c
    boolean zzj(com.google.android.gms.internal.maps.zzt) -> c
    void setFlat(boolean) -> d
    java.lang.String getId() -> k
    int zzj() -> n
com.google.android.gms.internal.maps.zzu -> b.a.a.a.d.d.h:
    com.google.android.gms.internal.maps.zzt zzg(android.os.IBinder) -> a
com.google.android.gms.internal.maps.zzv -> b.a.a.a.d.d.i:
    void setAnchor(float,float) -> a
    void setPosition(com.google.android.gms.maps.model.LatLng) -> a
    void setRotation(float) -> a
    void setVisible(boolean) -> a
    void setInfoWindowAnchor(float,float) -> b
    void setTitle(java.lang.String) -> b
    void setZIndex(float) -> b
    void setAlpha(float) -> c
    void setDraggable(boolean) -> c
    void setSnippet(java.lang.String) -> c
    void zzg(com.google.android.gms.dynamic.IObjectWrapper) -> c
    boolean zzj(com.google.android.gms.internal.maps.zzt) -> c
    void setFlat(boolean) -> d
    java.lang.String getId() -> k
    int zzj() -> n
com.google.android.gms.location.FusedLocationProviderApi -> com.google.android.gms.location.a:
com.google.android.gms.location.FusedLocationProviderClient -> com.google.android.gms.location.b:
    com.google.android.gms.tasks.Task removeLocationUpdates(com.google.android.gms.location.LocationCallback) -> a
    com.google.android.gms.tasks.Task requestLocationUpdates(com.google.android.gms.location.LocationRequest,com.google.android.gms.location.LocationCallback,android.os.Looper) -> a
    com.google.android.gms.internal.location.zzaj zza(com.google.android.gms.location.FusedLocationProviderClient,com.google.android.gms.tasks.TaskCompletionSource) -> a
    com.google.android.gms.internal.location.zzaj zza(com.google.android.gms.tasks.TaskCompletionSource) -> a
    com.google.android.gms.tasks.Task getLastLocation() -> d
com.google.android.gms.location.FusedLocationProviderClient$zza -> com.google.android.gms.location.b$a:
    com.google.android.gms.tasks.TaskCompletionSource zzac -> a
    void zza(com.google.android.gms.internal.location.zzad) -> a
com.google.android.gms.location.GeofencingApi -> com.google.android.gms.location.c:
com.google.android.gms.location.LocationAvailability -> com.google.android.gms.location.LocationAvailability:
    com.google.android.gms.location.zzaj[] zzav -> e
    int zzau -> d
    long zzat -> c
    int zzas -> b
    int zzar -> a
    boolean isLocationAvailable() -> b
com.google.android.gms.location.LocationCallback -> com.google.android.gms.location.d:
com.google.android.gms.location.LocationListener -> com.google.android.gms.location.e: